<?xml version="1.0" encoding="UTF-8"?>
<testsuite xmlns:xsi="http://www.w3.org/2001/XMLSchema-instance" xsi:noNamespaceSchemaLocation="https://maven.apache.org/surefire/maven-surefire-plugin/xsd/surefire-test-report.xsd" name="RBACIntegrationTest" time="0.215" tests="4" errors="0" skipped="0" failures="0">
  <properties>
[...]
</properties>
  <testcase name="shouldFailIfNoRoleIsAddedTest" classname="RBACIntegrationTest" time="0.049"/>
  <testcase name="shouldBeAbleToAddRoleAndAllowAccessTest" classname="RBACIntegrationTest" time="0.001"/>
  <testcase name="shouldBeAbleToRemoveRoleTest" classname="RBACIntegrationTest" time="0.001"/>
  <testcase name="shouldBeAbleToAddMultipleRoles" classname="RBACIntegrationTest" time="0"/>
</testsuite>